2014-02-08 18:19:10 Error: Fatal Error (64): require() [<a href='http://php.net/function.require'>function.require</a>]: Failed opening required '/var/www/projectname/app//Vender/autoload.php' (include_path='.:/usr/share/php:/usr/share/pear') in [/var/www/projectname/app/Config/bootstrap.php, line 2]
2014-02-08 18:19:10 Error: [FatalErrorException] require() [<a href='http://php.net/function.require'>function.require</a>]: Failed opening required '/var/www/projectname/app//Vender/autoload.php' (include_path='.:/usr/share/php:/usr/share/pear')
Stack Trace:
#0 /var/www/projectname/Vendor/pear-pear.cakephp.org/CakePHP/Cake/Error/ErrorHandler.php(203): ErrorHandler::handleFatalError(64, 'require() [<a h...', '/var/www/projec...', 2)
#1 [internal function]: ErrorHandler::handleError(64, 'require() [<a h...', '/var/www/projec...', 2, Array)
#2 /var/www/projectname/Vendor/pear-pear.cakephp.org/CakePHP/Cake/Core/App.php(929): call_user_func('ErrorHandler::h...', 64, 'require() [<a h...', '/var/www/projec...', 2, Array)
#3 /var/www/projectname/Vendor/pear-pear.cakephp.org/CakePHP/Cake/Core/App.php(902): App::_checkFatalError()
#4 [internal function]: App::shutdown()
#5 {main}
2014-02-08 18:19:50 Error: Fatal Error (64): require() [<a href='http://php.net/function.require'>function.require</a>]: Failed opening required '/var/www/projectname/Vender/autoload.php' (include_path='.:/usr/share/php:/usr/share/pear') in [/var/www/projectname/app/Config/bootstrap.php, line 2]
2014-02-08 18:19:50 Error: [FatalErrorException] require() [<a href='http://php.net/function.require'>function.require</a>]: Failed opening required '/var/www/projectname/Vender/autoload.php' (include_path='.:/usr/share/php:/usr/share/pear')
Stack Trace:
#0 /var/www/projectname/Vendor/pear-pear.cakephp.org/CakePHP/Cake/Error/ErrorHandler.php(203): ErrorHandler::handleFatalError(64, 'require() [<a h...', '/var/www/projec...', 2)
#1 [internal function]: ErrorHandler::handleError(64, 'require() [<a h...', '/var/www/projec...', 2, Array)
#2 /var/www/projectname/Vendor/pear-pear.cakephp.org/CakePHP/Cake/Core/App.php(929): call_user_func('ErrorHandler::h...', 64, 'require() [<a h...', '/var/www/projec...', 2, Array)
#3 /var/www/projectname/Vendor/pear-pear.cakephp.org/CakePHP/Cake/Core/App.php(902): App::_checkFatalError()
#4 [internal function]: App::shutdown()
#5 {main}
2014-02-08 18:19:52 Error: Fatal Error (64): require() [<a href='http://php.net/function.require'>function.require</a>]: Failed opening required '/var/www/projectname/Vender/autoload.php' (include_path='.:/usr/share/php:/usr/share/pear') in [/var/www/projectname/app/Config/bootstrap.php, line 2]
2014-02-08 18:19:52 Error: [FatalErrorException] require() [<a href='http://php.net/function.require'>function.require</a>]: Failed opening required '/var/www/projectname/Vender/autoload.php' (include_path='.:/usr/share/php:/usr/share/pear')
Stack Trace:
#0 /var/www/projectname/Vendor/pear-pear.cakephp.org/CakePHP/Cake/Error/ErrorHandler.php(203): ErrorHandler::handleFatalError(64, 'require() [<a h...', '/var/www/projec...', 2)
#1 [internal function]: ErrorHandler::handleError(64, 'require() [<a h...', '/var/www/projec...', 2, Array)
#2 /var/www/projectname/Vendor/pear-pear.cakephp.org/CakePHP/Cake/Core/App.php(929): call_user_func('ErrorHandler::h...', 64, 'require() [<a h...', '/var/www/projec...', 2, Array)
#3 /var/www/projectname/Vendor/pear-pear.cakephp.org/CakePHP/Cake/Core/App.php(902): App::_checkFatalError()
#4 [internal function]: App::shutdown()
#5 {main}
2014-02-08 18:25:56 Error: [MissingPluginException] Plugin DebugKit could not be found.
Exception Attributes: array (
  'plugin' => 'DebugKit',
)
Stack Trace:
#0 /var/www/projectname/app/Config/bootstrap.php(45): CakePlugin::load('DebugKit')
#1 /var/www/projectname/Vendor/pear-pear.cakephp.org/CakePHP/Cake/Core/Configure.php(92): include('/var/www/projec...')
#2 /var/www/projectname/Vendor/pear-pear.cakephp.org/CakePHP/Cake/bootstrap.php(175): Configure::bootstrap(true)
#3 /var/www/projectname/app/webroot/index.php(85): include('/var/www/projec...')
#4 {main}
2014-02-08 19:08:39 Error: Fatal Error (4): syntax error, unexpected ';', expecting ')' in [/var/www/projectname/app/Config/bootstrap.php, line 45]
2014-02-08 19:08:39 Error: [FatalErrorException] syntax error, unexpected ';', expecting ')'
Stack Trace:
#0 /var/www/projectname/Vendor/pear-pear.cakephp.org/CakePHP/Cake/Error/ErrorHandler.php(203): ErrorHandler::handleFatalError(4, 'syntax error, u...', '/var/www/projec...', 45)
#1 [internal function]: ErrorHandler::handleError(4, 'syntax error, u...', '/var/www/projec...', 45, Array)
#2 /var/www/projectname/Vendor/pear-pear.cakephp.org/CakePHP/Cake/Core/App.php(929): call_user_func('ErrorHandler::h...', 4, 'syntax error, u...', '/var/www/projec...', 45, Array)
#3 /var/www/projectname/Vendor/pear-pear.cakephp.org/CakePHP/Cake/Core/App.php(902): App::_checkFatalError()
#4 [internal function]: App::shutdown()
#5 {main}
2014-02-08 19:45:13 Error: [MissingTableException] Table posts for model Post was not found in datasource default.
Exception Attributes: array (
  'table' => 'posts',
  'class' => 'Post',
  'ds' => 'default',
)
Request URL: /Posts/
Stack Trace:
#0 /var/www/projectname/Vendor/pear-pear.cakephp.org/CakePHP/Cake/Model/Model.php(3498): Model->setSource('posts')
#1 /var/www/projectname/Vendor/pear-pear.cakephp.org/CakePHP/Cake/Model/Model.php(1355): Model->getDataSource()
#2 /var/www/projectname/Vendor/pear-pear.cakephp.org/CakePHP/Cake/Model/Model.php(1447): Model->schema()
#3 /var/www/projectname/Vendor/pear-pear.cakephp.org/CakePHP/Cake/Model/Model.php(1434): Model->hasField('title', false)
#4 /var/www/projectname/Vendor/pear-pear.cakephp.org/CakePHP/Cake/Model/Model.php(880): Model->hasField(Array)
#5 /var/www/projectname/Vendor/pear-pear.cakephp.org/CakePHP/Cake/Controller/Scaffold.php(131): Model->__get('displayField')
#6 /var/www/projectname/Vendor/pear-pear.cakephp.org/CakePHP/Cake/Controller/Controller.php(535): Scaffold->__construct(Object(PostsController), Object(CakeRequest))
#7 /var/www/projectname/Vendor/pear-pear.cakephp.org/CakePHP/Cake/Controller/Controller.php(494): Controller->_getScaffold(Object(CakeRequest))
#8 /var/www/projectname/Vendor/pear-pear.cakephp.org/CakePHP/Cake/Routing/Dispatcher.php(185): Controller->invokeAction(Object(CakeRequest))
#9 /var/www/projectname/Vendor/pear-pear.cakephp.org/CakePHP/Cake/Routing/Dispatcher.php(160): Dispatcher->_invoke(Object(PostsController), Object(CakeRequest), Object(CakeResponse))
#10 /var/www/projectname/app/webroot/index.php(99): Dispatcher->dispatch(Object(CakeRequest), Object(CakeResponse))
#11 {main}
2014-02-08 19:47:52 Error: [MissingTableException] Table posts for model Post was not found in datasource default.
Exception Attributes: array (
  'table' => 'posts',
  'class' => 'Post',
  'ds' => 'default',
)
Request URL: /Posts/
Stack Trace:
#0 /var/www/projectname/Vendor/pear-pear.cakephp.org/CakePHP/Cake/Model/Model.php(3498): Model->setSource('posts')
#1 /var/www/projectname/Vendor/pear-pear.cakephp.org/CakePHP/Cake/Model/Model.php(1355): Model->getDataSource()
#2 /var/www/projectname/Vendor/pear-pear.cakephp.org/CakePHP/Cake/Model/Model.php(1447): Model->schema()
#3 /var/www/projectname/Vendor/pear-pear.cakephp.org/CakePHP/Cake/Model/Model.php(1434): Model->hasField('title', false)
#4 /var/www/projectname/Vendor/pear-pear.cakephp.org/CakePHP/Cake/Model/Model.php(880): Model->hasField(Array)
#5 /var/www/projectname/Vendor/pear-pear.cakephp.org/CakePHP/Cake/Controller/Scaffold.php(131): Model->__get('displayField')
#6 /var/www/projectname/Vendor/pear-pear.cakephp.org/CakePHP/Cake/Controller/Controller.php(535): Scaffold->__construct(Object(PostsController), Object(CakeRequest))
#7 /var/www/projectname/Vendor/pear-pear.cakephp.org/CakePHP/Cake/Controller/Controller.php(494): Controller->_getScaffold(Object(CakeRequest))
#8 /var/www/projectname/Vendor/pear-pear.cakephp.org/CakePHP/Cake/Routing/Dispatcher.php(185): Controller->invokeAction(Object(CakeRequest))
#9 /var/www/projectname/Vendor/pear-pear.cakephp.org/CakePHP/Cake/Routing/Dispatcher.php(160): Dispatcher->_invoke(Object(PostsController), Object(CakeRequest), Object(CakeResponse))
#10 /var/www/projectname/app/webroot/index.php(99): Dispatcher->dispatch(Object(CakeRequest), Object(CakeResponse))
#11 {main}
2014-02-08 19:53:49 Error: [MissingTableException] Table posts for model Post was not found in datasource default.
Exception Attributes: array (
  'table' => 'posts',
  'class' => 'Post',
  'ds' => 'default',
)
Request URL: /Posts/
Stack Trace:
#0 /var/www/projectname/Vendor/pear-pear.cakephp.org/CakePHP/Cake/Model/Model.php(3498): Model->setSource('posts')
#1 /var/www/projectname/Vendor/pear-pear.cakephp.org/CakePHP/Cake/Model/Model.php(2902): Model->getDataSource()
#2 /var/www/projectname/Vendor/pear-pear.cakephp.org/CakePHP/Cake/Model/Model.php(2874): Model->_readDataSource('all', Array)
#3 /var/www/projectname/app/Controller/PostsController.php(6): Model->find('all')
#4 [internal function]: PostsController->index()
#5 /var/www/projectname/Vendor/pear-pear.cakephp.org/CakePHP/Cake/Controller/Controller.php(490): ReflectionMethod->invokeArgs(Object(PostsController), Array)
#6 /var/www/projectname/Vendor/pear-pear.cakephp.org/CakePHP/Cake/Routing/Dispatcher.php(185): Controller->invokeAction(Object(CakeRequest))
#7 /var/www/projectname/Vendor/pear-pear.cakephp.org/CakePHP/Cake/Routing/Dispatcher.php(160): Dispatcher->_invoke(Object(PostsController), Object(CakeRequest), Object(CakeResponse))
#8 /var/www/projectname/app/webroot/index.php(99): Dispatcher->dispatch(Object(CakeRequest), Object(CakeResponse))
#9 {main}
2014-02-09 18:41:38 Error: Fatal Error (4): syntax error, unexpected '}', expecting identifier (T_STRING) or variable (T_VARIABLE) or '{' or '$' in [/var/www/projectname/app/Controller/PostsController.php, line 20]
2014-02-09 18:41:38 Error: [FatalErrorException] syntax error, unexpected '}', expecting identifier (T_STRING) or variable (T_VARIABLE) or '{' or '$'
Request URL: /posts/add
Stack Trace:
#0 /var/www/projectname/Vendor/pear-pear.cakephp.org/CakePHP/Cake/Error/ErrorHandler.php(203): ErrorHandler::handleFatalError(4, 'syntax error, u...', '/var/www/projec...', 20)
#1 [internal function]: ErrorHandler::handleError(4, 'syntax error, u...', '/var/www/projec...', 20, Array)
#2 /var/www/projectname/Vendor/pear-pear.cakephp.org/CakePHP/Cake/Core/App.php(929): call_user_func('ErrorHandler::h...', 4, 'syntax error, u...', '/var/www/projec...', 20, Array)
#3 /var/www/projectname/Vendor/pear-pear.cakephp.org/CakePHP/Cake/Core/App.php(902): App::_checkFatalError()
#4 [internal function]: App::shutdown()
#5 {main}
2014-02-09 18:55:04 Error: Fatal Error (4): syntax error, unexpected '<' in [/var/www/projectname/app/View/Posts/index.ctp, line 13]
2014-02-09 18:55:04 Error: [FatalErrorException] syntax error, unexpected '<'
Request URL: /
Stack Trace:
#0 /var/www/projectname/Vendor/pear-pear.cakephp.org/CakePHP/Cake/Error/ErrorHandler.php(203): ErrorHandler::handleFatalError(4, 'syntax error, u...', '/var/www/projec...', 13)
#1 [internal function]: ErrorHandler::handleError(4, 'syntax error, u...', '/var/www/projec...', 13, Array)
#2 /var/www/projectname/Vendor/pear-pear.cakephp.org/CakePHP/Cake/Core/App.php(929): call_user_func('ErrorHandler::h...', 4, 'syntax error, u...', '/var/www/projec...', 13, Array)
#3 /var/www/projectname/Vendor/pear-pear.cakephp.org/CakePHP/Cake/Core/App.php(902): App::_checkFatalError()
#4 [internal function]: App::shutdown()
#5 {main}
2014-02-09 21:30:29 Error: Fatal Error (4): syntax error, unexpected '<' in [/var/www/projectname/app/View/Posts/index.ctp, line 26]
2014-02-09 21:30:29 Error: [FatalErrorException] syntax error, unexpected '<'
Request URL: /
Stack Trace:
#0 /var/www/projectname/Vendor/pear-pear.cakephp.org/CakePHP/Cake/Error/ErrorHandler.php(203): ErrorHandler::handleFatalError(4, 'syntax error, u...', '/var/www/projec...', 26)
#1 [internal function]: ErrorHandler::handleError(4, 'syntax error, u...', '/var/www/projec...', 26, Array)
#2 /var/www/projectname/Vendor/pear-pear.cakephp.org/CakePHP/Cake/Core/App.php(929): call_user_func('ErrorHandler::h...', 4, 'syntax error, u...', '/var/www/projec...', 26, Array)
#3 /var/www/projectname/Vendor/pear-pear.cakephp.org/CakePHP/Cake/Core/App.php(902): App::_checkFatalError()
#4 [internal function]: App::shutdown()
#5 {main}
2014-02-10 23:56:46 Error: Fatal Error (4): syntax error, unexpected '<' in [/var/www/projectname/app/View/Posts/view.ctp, line 27]
2014-02-10 23:56:46 Error: [FatalErrorException] syntax error, unexpected '<'
Request URL: /posts/view/1
Stack Trace:
#0 /var/www/projectname/Vendor/pear-pear.cakephp.org/CakePHP/Cake/Error/ErrorHandler.php(203): ErrorHandler::handleFatalError(4, 'syntax error, u...', '/var/www/projec...', 27)
#1 [internal function]: ErrorHandler::handleError(4, 'syntax error, u...', '/var/www/projec...', 27, Array)
#2 /var/www/projectname/Vendor/pear-pear.cakephp.org/CakePHP/Cake/Core/App.php(929): call_user_func('ErrorHandler::h...', 4, 'syntax error, u...', '/var/www/projec...', 27, Array)
#3 /var/www/projectname/Vendor/pear-pear.cakephp.org/CakePHP/Cake/Core/App.php(902): App::_checkFatalError()
#4 [internal function]: App::shutdown()
#5 {main}
2014-02-27 02:35:24 Error: [MissingPluginException] Plugin DebugKit could not be found.
Exception Attributes: array (
  'plugin' => 'DebugKit',
)
Stack Trace:
#0 /var/www/projectname/app/public/Config/bootstrap.php(45): CakePlugin::load('DebugKit')
#1 /var/www/projectname/Vendor/pear-pear.cakephp.org/CakePHP/Cake/Core/Configure.php(92): include('/var/www/projec...')
#2 /var/www/projectname/Vendor/pear-pear.cakephp.org/CakePHP/Cake/bootstrap.php(175): Configure::bootstrap(true)
#3 /var/www/projectname/webroot/index.php(85): include('/var/www/projec...')
#4 {main}
2014-02-27 02:35:29 Error: [MissingPluginException] Plugin DebugKit could not be found.
Exception Attributes: array (
  'plugin' => 'DebugKit',
)
Stack Trace:
#0 /var/www/projectname/app/public/Config/bootstrap.php(45): CakePlugin::load('DebugKit')
#1 /var/www/projectname/Vendor/pear-pear.cakephp.org/CakePHP/Cake/Core/Configure.php(92): include('/var/www/projec...')
#2 /var/www/projectname/Vendor/pear-pear.cakephp.org/CakePHP/Cake/bootstrap.php(175): Configure::bootstrap(true)
#3 /var/www/projectname/webroot/index.php(85): include('/var/www/projec...')
#4 {main}
2014-02-27 02:42:00 Error: [MissingControllerException] Controller class AdminController could not be found.
Exception Attributes: array (
  'class' => 'AdminController',
  'plugin' => NULL,
)
Request URL: /admin/posts/view/1
Stack Trace:
#0 /var/www/projectname/webroot/index.php(99): Dispatcher->dispatch(Object(CakeRequest), Object(CakeResponse))
#1 {main}
2014-02-27 02:42:23 Error: [MissingControllerException] Controller class AdminController could not be found.
Exception Attributes: array (
  'class' => 'AdminController',
  'plugin' => NULL,
)
Request URL: /admin/posts/edit/1
Stack Trace:
#0 /var/www/projectname/webroot/index.php(99): Dispatcher->dispatch(Object(CakeRequest), Object(CakeResponse))
#1 {main}
2014-02-27 02:44:31 Error: [MissingControllerException] Controller class AdminController could not be found.
Exception Attributes: array (
  'class' => 'AdminController',
  'plugin' => NULL,
)
Request URL: /admin/posts/edit/1
Stack Trace:
#0 /var/www/projectname/webroot/index.php(99): Dispatcher->dispatch(Object(CakeRequest), Object(CakeResponse))
#1 {main}
